2020-03-27 19:41:56,759 - instabot version: 0.116.0 (bot) - INFO - Instabot version: 0.116.0 Started
2020-03-27 19:41:56,760 - instabot version: 0.116.0 (bot) - DEBUG - Bot imported from C:\Users\User\AppData\Local\Programs\Python\Python36\lib\site-packages\instabot\bot\bot.py
2020-03-27 19:41:56,766 - instabot version: 0.116.0 (api_login) - DEBUG - Loading cookies
2020-03-27 19:41:56,767 - instabot version: 0.116.0 (api_login) - DEBUG - Loading uuids
2020-03-27 19:41:56,767 - instabot version: 0.116.0 (api_login) - INFO - Recovery from C:\Users\User\Desktop\NICOLAS GUALTEROS\Programación\Python Instagram/config/ingeniero_gualteros_uuid_and_cookie.json: COOKIE True - UUIDs True - TIMING, DEVICE and ...
- user-agent=Instagram 117.0.0.28.123 Android (28/9.0; 420dpi; 1080x1920; OnePlus; ONEPLUS A3003; OnePlus3; qcom; en_US; 180322800)
- phone_id=aaee86c4-225a-4a82-be7b-42a7b65159d9
- uuid=a33f78fb-18e0-476b-b31d-31408deb2699
- client_session_id=4906bd18-a4f4-4e89-9540-442a7ecd87ee
- device_id=android-e72f1e05fb5d5a1e
2020-03-27 19:41:56,869 - instabot version: 0.116.0 (api_login) - INFO - LOGIN FLOW! Just logged-in: False
2020-03-27 19:41:59,470 - instabot version: 0.116.0 (api) - DEBUG - POST to endpoint: feed/timeline/ returned response: <Response [200]>
2020-03-27 19:42:00,279 - instabot version: 0.116.0 (api) - DEBUG - POST to endpoint: feed/reels_tray/ returned response: <Response [200]>
2020-03-27 19:42:00,896 - instabot version: 0.116.0 (api) - DEBUG - POST to endpoint: direct_v2/ranked_recipients/ returned response: <Response [200]>
2020-03-27 19:42:01,999 - instabot version: 0.116.0 (api) - DEBUG - POST to endpoint: direct_v2/ranked_recipients/ returned response: <Response [200]>
2020-03-27 19:42:02,455 - instabot version: 0.116.0 (api) - DEBUG - POST to endpoint: direct_v2/inbox/ returned response: <Response [200]>
2020-03-27 19:42:02,947 - instabot version: 0.116.0 (api) - DEBUG - GET to endpoint: direct_v2/get_presence/ returned response: <Response [200]>
2020-03-27 19:42:04,322 - instabot version: 0.116.0 (api) - DEBUG - GET to endpoint: news/inbox/?limited_activity=true&show_su=true returned response: <Response [200]>
2020-03-27 19:42:04,656 - instabot version: 0.116.0 (api) - DEBUG - GET to endpoint: users/profile_notice/ returned response: <Response [200]>
2020-03-27 19:42:06,092 - instabot version: 0.116.0 (api) - DEBUG - POST to endpoint: discover/explore/ returned response: <Response [200]>
2020-03-27 19:42:06,095 - instabot version: 0.116.0 (api) - INFO - Logged-in successfully as 'ingeniero_gualteros'!
2020-03-27 19:42:06,096 - instabot version: 0.116.0 (bot_checkpoint) - DEBUG - Loading Checkpoint file from: C:\Users\User\Desktop\NICOLAS GUALTEROS\Programación\Python Instagram/config/ingeniero_gualteros.checkpoint
2020-03-27 19:42:06,107 - instabot version: 0.116.0 (bot_follow) - INFO - Follow followers of: luisvonahn
2020-03-27 19:42:06,593 - instabot version: 0.116.0 (api) - DEBUG - GET to endpoint: users/luisvonahn/usernameinfo/ returned response: <Response [200]>
2020-03-27 19:42:08,004 - instabot version: 0.116.0 (api) - DEBUG - GET to endpoint: users/6827841508/info/ returned response: <Response [200]>
2020-03-27 19:42:08,400 - instabot version: 0.116.0 (api) - DEBUG - GET to endpoint: friendships/6827841508/followers/?rank_token=32088301686_a33f78fb-18e0-476b-b31d-31408deb2699 returned response: <Response [200]>
2020-03-27 19:42:08,921 - instabot version: 0.116.0 (api) - DEBUG - GET to endpoint: friendships/6827841508/followers/?rank_token=32088301686_a33f78fb-18e0-476b-b31d-31408deb2699&max_id=QVFEUjk0YThKelluQW9FNHhYTE5nd0hMRG9OUThwUVU5RmtCWGY1bWpIa1BKeGgwYkRENTNmU1JNa3psUW4tR2tPMjRnM2pYMWpRM1NKcGZZZ1ZDVEJLRQ== returned response: <Response [200]>
2020-03-27 19:42:09,367 - instabot version: 0.116.0 (api) - DEBUG - GET to endpoint: friendships/6827841508/followers/?rank_token=32088301686_a33f78fb-18e0-476b-b31d-31408deb2699&max_id=QVFEeWZvNUhmYnNhOXZGWFFPelF0ZXpoUFdud1V5RlFiMTlJTDRXQkRsMmpvRTlmUWhzZ1JncGlPbUppRzdKVzljOFpFZUdWcUlkcTlER2NKR0tDMEtpQQ== returned response: <Response [200]>
2020-03-27 19:42:10,000 - instabot version: 0.116.0 (api) - DEBUG - GET to endpoint: friendships/6827841508/followers/?rank_token=32088301686_a33f78fb-18e0-476b-b31d-31408deb2699&max_id=QVFDVWstR0JKd1kydEM3OS1KVHNaMTRRT2NoajV0eGRjLWo2SmRZQTRjS1VmRi1mVGRvclR6VUNPM1VqQTV4d1ltSUNaTV9PTUhqWkpaM2hhUmpRT3hLSw== returned response: <Response [200]>
2020-03-27 19:42:10,955 - instabot version: 0.116.0 (api) - DEBUG - GET to endpoint: friendships/6827841508/followers/?rank_token=32088301686_a33f78fb-18e0-476b-b31d-31408deb2699&max_id=QVFDUEFJdHhrblV0UHRNWjgxWDhJampVdkljM08zTXZMOHBucU1oR0JZV0hRdGhKZm5QNWU1Q3ctNDRpOW5YOXhLWnktSzgyTWtiT3plaUx5T0ljS1pQQg== returned response: <Response [200]>
2020-03-27 19:42:11,440 - instabot version: 0.116.0 (api) - DEBUG - GET to endpoint: friendships/6827841508/followers/?rank_token=32088301686_a33f78fb-18e0-476b-b31d-31408deb2699&max_id=QVFDSWQwYlpLeDlfQ2Q5Z29acmUtdkpvYWFPTU1rSm1pN0V0UkhMVUM4aDg1NV82TmJIUVdQRWc4MnZZNFIwazZBb3VPSXZpYjNfYWZSRHVyS2tFaDV3Yw== returned response: <Response [200]>
2020-03-27 19:42:11,908 - instabot version: 0.116.0 (api) - DEBUG - GET to endpoint: friendships/6827841508/followers/?rank_token=32088301686_a33f78fb-18e0-476b-b31d-31408deb2699&max_id=QVFDcGdfSUZZWmVodU1tS2hZcWx1WUhvSkt2MVZCUDBfZHZoTExESWhQZ3loa1RVU2s5Q3hoODlieW12ckUxc21hYmRxMGlmc3J4bVpkTHY0Tm85Q19yZQ== returned response: <Response [200]>
2020-03-27 19:42:12,339 - instabot version: 0.116.0 (api) - DEBUG - GET to endpoint: friendships/6827841508/followers/?rank_token=32088301686_a33f78fb-18e0-476b-b31d-31408deb2699&max_id=QVFCclV5ODBOZ1VQR05sT0ZYTHdWYWtHaTZqSzRmSHpQVElPVjhmbVB2aUZvUnZTMGdIaEg1Y1FNUm5laFZmc3YwS1N6SnpBNk9abDVkRHBRQTRKNVdTMQ== returned response: <Response [200]>
2020-03-27 19:42:12,774 - instabot version: 0.116.0 (api) - DEBUG - GET to endpoint: friendships/6827841508/followers/?rank_token=32088301686_a33f78fb-18e0-476b-b31d-31408deb2699&max_id=QVFCZjJtbXVfVzZNRTBGYjl4ZzYwci1OWWRNR0szVWQ3N1VTaXdDM1lqZlEtUF9EbDZzS3h2SG9reXpaOHVwMUI2S3ZkVHg5azlfanhCZDZFNjRncjBzbw== returned response: <Response [200]>
2020-03-27 19:42:13,336 - instabot version: 0.116.0 (api) - DEBUG - GET to endpoint: friendships/6827841508/followers/?rank_token=32088301686_a33f78fb-18e0-476b-b31d-31408deb2699&max_id=QVFDWWUzN2NUT0k1bmIyTmUyd3VZYmdsYW55N2ozUWlvVEVZSURKUi1IbWVzOGIwdGRyME13Z3ZXdVZRWVBNNjdtWkc5dHFRSWZaUjN4UzVKdWtabmIxMQ== returned response: <Response [200]>
2020-03-27 19:42:13,951 - instabot version: 0.116.0 (api) - DEBUG - GET to endpoint: friendships/6827841508/followers/?rank_token=32088301686_a33f78fb-18e0-476b-b31d-31408deb2699&max_id=QVFBTU42YkJjT1NPc3BPVG91MXB3bEpEeGYxeVpXcnRPd29iWVhhOU02eGhJUUFBb0RXNkE5UVdVSGsxUUtsUDdYUzlXaFBORUNqaERnTWRnSEFnczF0eA== returned response: <Response [200]>
2020-03-27 19:42:15,048 - instabot version: 0.116.0 (api) - DEBUG - GET to endpoint: friendships/6827841508/followers/?rank_token=32088301686_a33f78fb-18e0-476b-b31d-31408deb2699&max_id=QVFDNTdOaWVNMkw2LVpMOUNYQlV6Y2RKZUNTLWVFRXhOc21lZWt6SGhqaDdCMzdwUHRmOWFmSDEzMC1CTHlNMlFBejdTWThvWHF4ZzRRWEI0UjA1T3otcA== returned response: <Response [200]>
2020-03-27 19:42:15,541 - instabot version: 0.116.0 (api) - DEBUG - GET to endpoint: friendships/6827841508/followers/?rank_token=32088301686_a33f78fb-18e0-476b-b31d-31408deb2699&max_id=QVFBajZ5Y21QR2pFb3J0a2tWVXhHVzB1YTlvYlJLZ2JNX0Y0eV93aUFoR1hjY2FYbG5PTTh5cUxsbXVVN0dqa2dORmhKVWRBakVnLUNZWk1pOXBublpIVw== returned response: <Response [200]>
2020-03-27 19:42:16,138 - instabot version: 0.116.0 (api) - DEBUG - GET to endpoint: friendships/6827841508/followers/?rank_token=32088301686_a33f78fb-18e0-476b-b31d-31408deb2699&max_id=QVFBSVY3b2ttLXotOTNFMUNPZDg3cXAzS2paNUN2WDNwY0MxVS1NUGxYaUlvV3dMOTAtQTVocGFYZmNObG9GeUczN2Z5RWUweHdMLTZSVFZ3TnAydnNCSQ== returned response: <Response [200]>
2020-03-27 19:42:16,566 - instabot version: 0.116.0 (api) - DEBUG - GET to endpoint: friendships/6827841508/followers/?rank_token=32088301686_a33f78fb-18e0-476b-b31d-31408deb2699&max_id=QVFEeF9jVWE0bURtVXcxTGppWVNUbzloZ05SbjZneHJDVXREQ3lhcXZEYU9pd0YwUGdOUnlQcXlfdHljUGZhRU84ZlFfSEl0clRIN1BwdldnclBfLXZJWQ== returned response: <Response [200]>
2020-03-27 19:42:16,974 - instabot version: 0.116.0 (api) - DEBUG - GET to endpoint: friendships/6827841508/followers/?rank_token=32088301686_a33f78fb-18e0-476b-b31d-31408deb2699&max_id=QVFCMzhEa1U4RHllRDc3YjB3SnZzSGpaYkQ3N2x0c3FvbG5qbE51SHVZZzhzYjJBZGxLRmRCdFZCUHU0cGZLUVMxeFNKUnVUNkRyMGtBdE85dFBOZHdwVQ== returned response: <Response [200]>
2020-03-27 19:42:20,955 - instabot version: 0.116.0 (api) - DEBUG - GET to endpoint: friendships/6827841508/followers/?rank_token=32088301686_a33f78fb-18e0-476b-b31d-31408deb2699&max_id=QVFEaHJ6bDFmU1Rwck1ydmVyaEliU0YyNm8zbm1uaFVkRnFqN0llR1FDYnFpWWp4MFhMYmJtR01JWmYzV0NpaU13cUc0cnBpcHRHWW5XRDB2d1paZnhBRg== returned response: <Response [200]>
2020-03-27 19:42:21,650 - instabot version: 0.116.0 (api) - DEBUG - GET to endpoint: friendships/6827841508/followers/?rank_token=32088301686_a33f78fb-18e0-476b-b31d-31408deb2699&max_id=QVFEbUhqXzROanZlNzVvVlZhZ1FNX0drMHFoUDdZYmZGY0VEcEN5eU1CbEpVWkZDNXZQRmFRaEwwZUtBeXdsd0RfQ0JFYVRfcUtLNUdUN1pjMGU1dGVyZA== returned response: <Response [200]>
2020-03-27 19:42:22,319 - instabot version: 0.116.0 (api) - DEBUG - GET to endpoint: friendships/6827841508/followers/?rank_token=32088301686_a33f78fb-18e0-476b-b31d-31408deb2699&max_id=QVFEcVk5Yk4wYXdhZHVlYndiSEF3SkxNWmFSbmZsZkl3Wk1Xc2ZhMmIyS2V2RkVBN2l5a0JERWUybjRkVjUwaTVpN1NxVWtDbndpV2liWF9Hc1RKMTF6bw== returned response: <Response [200]>
2020-03-27 19:42:22,802 - instabot version: 0.116.0 (api) - DEBUG - GET to endpoint: friendships/6827841508/followers/?rank_token=32088301686_a33f78fb-18e0-476b-b31d-31408deb2699&max_id=QVFBeWV3dDg1Tks5UkV6a2ZiRU5nX25LQk01RU1GMWxKcmlBS2F3dW1zQzREeVpLdFc4UkJ0ODR5Z2JXOWlsZjBxQWV4UWR2eUlHUmp6Znc3eF9XY3JlQQ== returned response: <Response [200]>
2020-03-27 19:42:23,266 - instabot version: 0.116.0 (api) - DEBUG - GET to endpoint: friendships/6827841508/followers/?rank_token=32088301686_a33f78fb-18e0-476b-b31d-31408deb2699&max_id=QVFEbWhzdVlLem40ZGg0dms1MDNkTUU5Mkg1LVUxZXlTQV9HRkdkWHVqeHlYZ1F1eFItMmp0ZXNiR0hEUDAwTWV5WTEwSFBwN2ZzN2FsaE1QVTdpc2ZHSg== returned response: <Response [200]>
2020-03-27 19:42:23,779 - instabot version: 0.116.0 (api) - DEBUG - GET to endpoint: friendships/6827841508/followers/?rank_token=32088301686_a33f78fb-18e0-476b-b31d-31408deb2699&max_id=QVFDTWFCVzIwN3ppX2VpQUpnbF81SjVzWnJ1dWswbnZLXzFDWkE3TjZ4SDQxOFRvcTdLd0h6U09IZnh1ZmJDU1RQUlFyZDhoMkRkc25UdUlkdk56eEhscw== returned response: <Response [200]>
2020-03-27 19:42:24,393 - instabot version: 0.116.0 (api) - DEBUG - GET to endpoint: friendships/6827841508/followers/?rank_token=32088301686_a33f78fb-18e0-476b-b31d-31408deb2699&max_id=QVFETFBqOEFkVlZZM2NOMWdocHpfTjJjSEpkeWJmWEVMZ21KZ21VNVc4UDBrOEZXbkNxcmlGTThBYllGSTZXU3l4S05jd1JYTkVzdkNHVTVxQjkxMmkycg== returned response: <Response [200]>
2020-03-27 19:42:24,847 - instabot version: 0.116.0 (api) - DEBUG - GET to endpoint: friendships/6827841508/followers/?rank_token=32088301686_a33f78fb-18e0-476b-b31d-31408deb2699&max_id=QVFCZm53SHE0Qk1MMElCOGRRZEFwbWxRWUxUcUJRY3Q3QmhURl81SWg1NGdGRjNGT21ON1U0eVZ2ZjNxVVEwT0YwdVRWa0pWNzJxdE5aSWVFejVRVkZsQw== returned response: <Response [200]>
2020-03-27 19:42:25,274 - instabot version: 0.116.0 (api) - DEBUG - GET to endpoint: friendships/6827841508/followers/?rank_token=32088301686_a33f78fb-18e0-476b-b31d-31408deb2699&max_id=QVFDT3Bta0c4b1VWZl9UNVYxeU0xcmFGWjdwOWQ0cHhJUE03Z0c0cWg5bHIwdTBXRVQ4SFhEVW1aTW95cG1kcUIwUFBDUWRQTHE0eXJQbjVJdXc4Q3F1cg== returned response: <Response [200]>
2020-03-27 19:42:25,849 - instabot version: 0.116.0 (api) - DEBUG - GET to endpoint: friendships/6827841508/followers/?rank_token=32088301686_a33f78fb-18e0-476b-b31d-31408deb2699&max_id=QVFBT0dnelVvdWQ5d1ZPaFp0VnZiejRUWmhlMVNOdEVKdmpOU0YtSExLbTdBbTIwRVZJRXd0WlFsWFRkdWZaWTBWSVJNdlFSRi1rdkR5c1F5dy11LTRvRw== returned response: <Response [200]>
2020-03-27 19:42:26,342 - instabot version: 0.116.0 (api) - DEBUG - GET to endpoint: friendships/6827841508/followers/?rank_token=32088301686_a33f78fb-18e0-476b-b31d-31408deb2699&max_id=QVFDWlhuWFZvSlFBUnpXWEhjUWp3U0M1ekZubkNBWm1Gdzc0dnVrdDFFV0oya0VPa1JucnE5YmF1Tm1ucW5uOUxFaUhSSmRNaGtHNnlOelVOQ1o4RVYzcw== returned response: <Response [200]>
2020-03-27 19:42:26,809 - instabot version: 0.116.0 (api) - DEBUG - GET to endpoint: friendships/6827841508/followers/?rank_token=32088301686_a33f78fb-18e0-476b-b31d-31408deb2699&max_id=QVFBZXBZcWQzZWNRTXJfRkQ0eWFuRDZib3lfWmFTa2xpTXBWSWtMUlF1LWZwZnlZa0FXYzNndXhzcG5LWXZPM0R5VkphRXZBeHM3NmlSMVNtRkV1OVRuQg== returned response: <Response [200]>
2020-03-27 19:42:27,354 - instabot version: 0.116.0 (api) - DEBUG - GET to endpoint: friendships/6827841508/followers/?rank_token=32088301686_a33f78fb-18e0-476b-b31d-31408deb2699&max_id=QVFCU3djSmRRcC1ranJRMlJQeXdxSVpoZFAtTFhMa2c5WDVGTTZfVkNYV1VrZlRvemZ6cGJhM3lHd1BaX2dwb0p5QV9uZTZXci1tdmZvRE1ZVXQ1Nm5JQw== returned response: <Response [200]>
2020-03-27 19:42:27,876 - instabot version: 0.116.0 (api) - DEBUG - GET to endpoint: friendships/6827841508/followers/?rank_token=32088301686_a33f78fb-18e0-476b-b31d-31408deb2699&max_id=QVFEeThaNUI0Q0oyZ0RGVVdlOWlITDJRckk2UU5oc2tYLWdzc3RCMERqdkdMQ05IbkppMHZRX2VkZmx1UGNyOXAxbmJiV2VlaHBKSTJPUlNEblhUVGhSWQ== returned response: <Response [200]>
2020-03-27 19:42:28,388 - instabot version: 0.116.0 (api) - DEBUG - GET to endpoint: friendships/6827841508/followers/?rank_token=32088301686_a33f78fb-18e0-476b-b31d-31408deb2699&max_id=QVFBeG1MSjNaZkZ0Qjhob2JpY092anVfZUZDTWVfOVRDXzd6ZFR5QWEyRkdScnpYcEpJYXFqdEtXcENqRkRpVlZQWFJOUnpvRzlQNGdIT3EtdHN1OGFsNQ== returned response: <Response [200]>
2020-03-27 19:42:28,925 - instabot version: 0.116.0 (api) - DEBUG - GET to endpoint: friendships/6827841508/followers/?rank_token=32088301686_a33f78fb-18e0-476b-b31d-31408deb2699&max_id=QVFDSFh1dkd2dkhRSzV2UUtFb2s0cTNRTmF2VnFIZWViNEthdkliaV8wdWRSeWJPaFhCX1NwanJQNDRrdWpjX29LZGNoVFBlaDdPSzBQN3ZGYy10R0luNA== returned response: <Response [200]>
2020-03-27 19:42:29,549 - instabot version: 0.116.0 (api) - DEBUG - GET to endpoint: friendships/6827841508/followers/?rank_token=32088301686_a33f78fb-18e0-476b-b31d-31408deb2699&max_id=QVFEczZuaGhzNXZxb0sxOHh0YjVQYkpQcHBVcTEzRlBad1lCbmFvbmJoMHMxZWplYUFIY0NJUzhEZmpHYmp3V3JEWG5aN2tYaU9XYWZQeXNUck5hVDZ1Zg== returned response: <Response [200]>
2020-03-27 19:42:30,132 - instabot version: 0.116.0 (api) - DEBUG - GET to endpoint: friendships/6827841508/followers/?rank_token=32088301686_a33f78fb-18e0-476b-b31d-31408deb2699&max_id=QVFBNHFjd0FEVi1BOHFTOGFHcXVsRG04WHk4RlR2Z1ROdDNBU1R6NDk0cjdCeTJMeGZmNVplYk5udkg4S1ViR201QmhucXdXVUtaN0dQdUNTNUFLLUF3ZA== returned response: <Response [200]>
2020-03-27 19:42:31,128 - instabot version: 0.116.0 (api) - DEBUG - GET to endpoint: friendships/6827841508/followers/?rank_token=32088301686_a33f78fb-18e0-476b-b31d-31408deb2699&max_id=QVFENmx3NW94UU15XzBNQ1FlNFhMQ2J6NUR2LWt6QVJTbE9Tc0d3N082NFRZTTk3al9JM0JzQWZFRHd3Z09UWjJTVl9IbUg5b3BkalRKMDU5Tm1JVWtvMg== returned response: <Response [200]>
2020-03-27 19:42:31,995 - instabot version: 0.116.0 (api) - DEBUG - GET to endpoint: friendships/6827841508/followers/?rank_token=32088301686_a33f78fb-18e0-476b-b31d-31408deb2699&max_id=QVFBWGRUcHUzdF9rcnNRUklxZDB3dm1jOW5aN0pUU2prWWFGZEZGNEl0d3RKV1B3eS1xdU5jaHBDMlhmeXhxcC1tT0tyVWZpX29JRktid09ySkl5ZU1mcg== returned response: <Response [200]>
2020-03-27 19:42:32,431 - instabot version: 0.116.0 (api) - DEBUG - GET to endpoint: friendships/6827841508/followers/?rank_token=32088301686_a33f78fb-18e0-476b-b31d-31408deb2699&max_id=QVFEU2EwSGh3MFg0LUl2a2NuYWZEUGg4eFhYb3duc1F3NWV2ZGtJQ3BKZXBmY1JEZHN0bEx0bXZkMXEtcU5YTk1hR3U0bDcwUGxzWENrazY3cEI2YkRrQw== returned response: <Response [200]>
2020-03-27 19:42:32,830 - instabot version: 0.116.0 (api) - DEBUG - GET to endpoint: friendships/6827841508/followers/?rank_token=32088301686_a33f78fb-18e0-476b-b31d-31408deb2699&max_id=QVFDUW9LMEp1b0Vublc3dFNKYTJQNFNYU0ZGcERUcVBjSUc1dWU2ZDczTVVBSG1lbGxYT256cFNMa2NDQlBJWVZNTUx2QzZRcEZVMXBHeXlUQXcxRE1ZTg== returned response: <Response [200]>
2020-03-27 19:42:33,242 - instabot version: 0.116.0 (api) - DEBUG - GET to endpoint: friendships/6827841508/followers/?rank_token=32088301686_a33f78fb-18e0-476b-b31d-31408deb2699&max_id=QVFDOU8yY1dQZWlxRHVidU9idW9YN0laRHFsc05kN2ZOd1g2MFVEMXk2RnllbERGbkttT1R4NzJYVnZsTUg4WEt2X0VoRVNzcWtramNLUlE2dGVWS0JseA== returned response: <Response [200]>
2020-03-27 19:42:33,737 - instabot version: 0.116.0 (api) - DEBUG - GET to endpoint: friendships/6827841508/followers/?rank_token=32088301686_a33f78fb-18e0-476b-b31d-31408deb2699&max_id=QVFBbmItUTFCcmlaTGM1emhhSjY2LVRHck43d0hyYllCODlqNzJLaVE4emdEaWpobXhxVDBJRXpsakFxalExV0xrZEpHeGJsTEpKdVl2OXVyZmMweUpsUQ== returned response: <Response [200]>
2020-03-27 19:42:34,179 - instabot version: 0.116.0 (api) - DEBUG - GET to endpoint: friendships/6827841508/followers/?rank_token=32088301686_a33f78fb-18e0-476b-b31d-31408deb2699&max_id=QVFENWdUWW5nVGdXX1ZuTVplRXVCZTdUMUNnYktPLTgxSFF2T3NsY1NSbEtzY0JHVGRIVGNGeG1VUmkyaFVIMHNTN1pRdThCSEQwQWdGb0VuQmNKUzhtaA== returned response: <Response [200]>
2020-03-27 19:42:34,735 - instabot version: 0.116.0 (api) - DEBUG - GET to endpoint: friendships/6827841508/followers/?rank_token=32088301686_a33f78fb-18e0-476b-b31d-31408deb2699&max_id=QVFCNGw2MlB2UFpFQ0V4Tnlsc3BCME80S0VMcklIQWZ4aG9tWDhOZEtXREtGU2ZDTHM4RHZMd1hvaUxaZWhMRlE3bmtyaFpMTlpfLUdmazF2VUdpdlJvMA== returned response: <Response [200]>
2020-03-27 19:42:35,201 - instabot version: 0.116.0 (api) - DEBUG - GET to endpoint: friendships/6827841508/followers/?rank_token=32088301686_a33f78fb-18e0-476b-b31d-31408deb2699&max_id=QVFEU08tVUs2MW02NWpVSjEtVHZ5M0tSRlNyMFBzdmJoN3VDZGRPVW14MWxSTVc0aWVUejJ1TG9XVGUxZ0tsOEV5d0hZejZzVnNGaFhJczRZNHBKUVhfdQ== returned response: <Response [200]>
2020-03-27 19:42:35,605 - instabot version: 0.116.0 (api) - DEBUG - GET to endpoint: friendships/6827841508/followers/?rank_token=32088301686_a33f78fb-18e0-476b-b31d-31408deb2699&max_id=QVFDXzZQM0c4dnMyWVFkeVM1cUJYUFJhZ1VsWnRuSzJsMVphdmdfdFY5Si10Y1FFclYxWDU3NVloZExUeWg5X285Ukh5X1NYSTZVYXU1cWJRWlF3VDRaNw== returned response: <Response [200]>
2020-03-27 19:42:36,041 - instabot version: 0.116.0 (api) - DEBUG - GET to endpoint: friendships/6827841508/followers/?rank_token=32088301686_a33f78fb-18e0-476b-b31d-31408deb2699&max_id=QVFBUGQ4cFVnUG8ybW94VE81ODV0QXp1bjd1UGptZ3R1ZHdPMHpjWWNxWXIyaFRldUI5U0xzSW1TZFFyaVplU2RtODN6NUNJUVFxeU55RG1mVTVfc001ag== returned response: <Response [200]>
2020-03-27 19:42:36,444 - instabot version: 0.116.0 (api) - DEBUG - GET to endpoint: friendships/6827841508/followers/?rank_token=32088301686_a33f78fb-18e0-476b-b31d-31408deb2699&max_id=QVFDS1RBRUUtdTduYTdqeTQwYzlveXdYYzJnbmJaN0F1Tm1zZFZGNU81SjRUcFdjdU5VTmZpY3BsLWZaZzVRRVVYS0R2VjY5ZUwzMmdQZkxyeUdPbDVkeg== returned response: <Response [200]>
2020-03-27 19:42:36,831 - instabot version: 0.116.0 (api) - DEBUG - GET to endpoint: friendships/6827841508/followers/?rank_token=32088301686_a33f78fb-18e0-476b-b31d-31408deb2699&max_id=QVFDUldiSU9Lam4tcWdUQVhjMmRWeXk3aFQ3UUxHZ2N2cE1UdGZIZHV1eXFyZEtaTVFXWVVHYzg3WExtWlhIRlktMDRydkFyLUJic2dtcVJSRVdmWXR3cQ== returned response: <Response [200]>
2020-03-27 19:42:37,248 - instabot version: 0.116.0 (api) - DEBUG - GET to endpoint: friendships/6827841508/followers/?rank_token=32088301686_a33f78fb-18e0-476b-b31d-31408deb2699&max_id=QVFCR2ltVWVKWktRNlpkUmdNUTBBTlJiVGNGVXo0SDRfSExTazRITHJPV1R2bzdhOEQyazZJd0lJX1lYaFExTTlRbVFCYUZ1OXN6eVZwLXhabnptNTNSYQ== returned response: <Response [200]>
2020-03-27 19:42:39,018 - instabot version: 0.116.0 (api) - DEBUG - GET to endpoint: friendships/6827841508/followers/?rank_token=32088301686_a33f78fb-18e0-476b-b31d-31408deb2699&max_id=QVFDR2pFa3hkY1lma2xGZ3dhcXhGVDBGazNRQzY1T3FTX201YTRlMmFlUzBtVHh2TzFkeDMzQ0RpNVl0UVRHcVFXb1hVdG5WMnc2OEc0QkJLTUd1d053ZQ== returned response: <Response [200]>
2020-03-27 19:42:39,406 - instabot version: 0.116.0 (api) - DEBUG - GET to endpoint: friendships/6827841508/followers/?rank_token=32088301686_a33f78fb-18e0-476b-b31d-31408deb2699&max_id=QVFDdlhpUVNZc3NBRmdwN0s1YnVRSUxmUHdGNW5JTmViTC1BNHRJSl8tNHY5eTEwMnRBb1R2M1FOUENybzJiTnZqMWxySEZ4bG1RTnpFdnRFUGJfbmZRUw== returned response: <Response [200]>
2020-03-27 19:42:39,858 - instabot version: 0.116.0 (api) - DEBUG - GET to endpoint: friendships/6827841508/followers/?rank_token=32088301686_a33f78fb-18e0-476b-b31d-31408deb2699&max_id=QVFCdDcwVzY3NWRpa1hCaWNEMG45Zm1ENlNBSENldF9vZUJrTzVCbWthR2NLMTROUWNlOC1RNkNqMVZmT2RvTEE0eGltc1R0RThsYjZiRmdtUnVkVGJMNw== returned response: <Response [200]>
2020-03-27 19:42:40,274 - instabot version: 0.116.0 (api) - DEBUG - GET to endpoint: friendships/6827841508/followers/?rank_token=32088301686_a33f78fb-18e0-476b-b31d-31408deb2699&max_id=QVFDcnJCRE1ZWnNMMkdubkd1dVhHOEhRVlNaUGFEaXFmTGs3dDVSeGh4aTdTZnNSQnJqbno0MVNnRjktQzdHYjU3bjZ2dDRaVXZXMGk5S3QwNGFVMUtHWg== returned response: <Response [200]>
2020-03-27 19:42:40,579 - instabot version: 0.116.0 (api) - DEBUG - GET to endpoint: friendships/6827841508/followers/?rank_token=32088301686_a33f78fb-18e0-476b-b31d-31408deb2699&max_id=QVFBMUZ0VlJVWExVemxJZUlKbVdHNE9MdkhaazgzNEdUXzNnVEpTbDRTQzFJY0RQbmpyQldXNWVhSGF3a2hzNnV3bUhRVHEwUzVrOHdpb3FqUGZDTzZQRQ== returned response: <Response [200]>
2020-03-27 19:42:40,587 - instabot version: 0.116.0 (bot_follow) - INFO - Going to follow 5131 users.
2020-03-27 19:42:40,598 - instabot version: 0.116.0 (bot_follow) - INFO - Going to follow `user_id` 9677263110.
2020-03-27 19:42:40,599 - instabot version: 0.116.0 (api) - DEBUG - post data: {"user_id": "9677263110", "radio_type": "wifi-none", "device_id": "android-e72f1e05fb5d5a1e", "_uuid": "a33f78fb-18e0-476b-b31d-31408deb2699", "_uid": "32088301686", "_csrftoken": "0VreLJmXPUMTctKBtqvJDYJoYhUYK25K"}
2020-03-27 19:42:41,334 - instabot version: 0.116.0 (api) - DEBUG - POST to endpoint: friendships/create/9677263110/ returned response: <Response [200]>
2020-03-27 19:42:41,334 - instabot version: 0.116.0 (bot_follow) - INFO - Followed `user_id` 9677263110.
2020-03-27 19:42:41,788 - instabot version: 0.116.0 (api) - DEBUG - GET to endpoint: users/32088301686/info/ returned response: <Response [200]>
2020-03-27 19:42:42,251 - instabot version: 0.116.0 (api) - DEBUG - GET to endpoint: friendships/32088301686/following/?max_id=&ig_sig_key_version=4&rank_token=32088301686_a33f78fb-18e0-476b-b31d-31408deb2699 returned response: <Response [200]>
2020-03-27 19:42:42,255 - instabot version: 0.116.0 (bot_follow) - INFO - Going to follow `user_id` 858461222.
2020-03-27 19:46:40,124 - instabot version: 0.116.0 (api) - DEBUG - post data: {"user_id": "858461222", "radio_type": "wifi-none", "device_id": "android-e72f1e05fb5d5a1e", "_uuid": "a33f78fb-18e0-476b-b31d-31408deb2699", "_uid": "32088301686", "_csrftoken": "0VreLJmXPUMTctKBtqvJDYJoYhUYK25K"}
2020-03-27 19:46:41,367 - instabot version: 0.116.0 (api) - DEBUG - POST to endpoint: friendships/create/858461222/ returned response: <Response [200]>
2020-03-27 19:46:41,367 - instabot version: 0.116.0 (bot_follow) - INFO - Followed `user_id` 858461222.
2020-03-27 19:46:41,374 - instabot version: 0.116.0 (bot_follow) - INFO - Going to follow `user_id` 2652477489.
2020-03-27 19:50:37,369 - instabot version: 0.116.0 (api) - DEBUG - post data: {"user_id": "2652477489", "radio_type": "wifi-none", "device_id": "android-e72f1e05fb5d5a1e", "_uuid": "a33f78fb-18e0-476b-b31d-31408deb2699", "_uid": "32088301686", "_csrftoken": "0VreLJmXPUMTctKBtqvJDYJoYhUYK25K"}
2020-03-27 19:50:38,631 - instabot version: 0.116.0 (api) - DEBUG - POST to endpoint: friendships/create/2652477489/ returned response: <Response [200]>
2020-03-27 19:50:38,631 - instabot version: 0.116.0 (bot_follow) - INFO - Followed `user_id` 2652477489.
2020-03-27 19:50:38,645 - instabot version: 0.116.0 (bot_follow) - INFO - Going to follow `user_id` 8494129703.
2020-03-27 19:54:48,488 - instabot version: 0.116.0 (api) - DEBUG - post data: {"user_id": "8494129703", "radio_type": "wifi-none", "device_id": "android-e72f1e05fb5d5a1e", "_uuid": "a33f78fb-18e0-476b-b31d-31408deb2699", "_uid": "32088301686", "_csrftoken": "0VreLJmXPUMTctKBtqvJDYJoYhUYK25K"}
2020-03-27 19:54:50,871 - instabot version: 0.116.0 (api) - DEBUG - POST to endpoint: friendships/create/8494129703/ returned response: <Response [200]>
2020-03-27 19:54:50,881 - instabot version: 0.116.0 (bot_follow) - INFO - Followed `user_id` 8494129703.
2020-03-27 19:54:51,775 - instabot version: 0.116.0 (bot_follow) - INFO - Going to follow `user_id` 5624617001.
2020-03-27 19:57:12,394 - instabot version: 0.116.0 (api) - DEBUG - post data: {"user_id": "5624617001", "radio_type": "wifi-none", "device_id": "android-e72f1e05fb5d5a1e", "_uuid": "a33f78fb-18e0-476b-b31d-31408deb2699", "_uid": "32088301686", "_csrftoken": "0VreLJmXPUMTctKBtqvJDYJoYhUYK25K"}
2020-03-27 19:57:14,310 - instabot version: 0.116.0 (api) - DEBUG - POST to endpoint: friendships/create/5624617001/ returned response: <Response [200]>
2020-03-27 19:57:14,373 - instabot version: 0.116.0 (bot_follow) - INFO - Followed `user_id` 5624617001.
2020-03-27 19:57:14,962 - instabot version: 0.116.0 (bot_follow) - INFO - Going to follow `user_id` 1644837089.
2020-03-27 20:05:35,995 - instabot version: 0.116.0 (api) - DEBUG - post data: {"user_id": "1644837089", "radio_type": "wifi-none", "device_id": "android-e72f1e05fb5d5a1e", "_uuid": "a33f78fb-18e0-476b-b31d-31408deb2699", "_uid": "32088301686", "_csrftoken": "0VreLJmXPUMTctKBtqvJDYJoYhUYK25K"}
2020-03-27 20:05:38,150 - instabot version: 0.116.0 (api) - DEBUG - POST to endpoint: friendships/create/1644837089/ returned response: <Response [200]>
2020-03-27 20:05:38,150 - instabot version: 0.116.0 (bot_follow) - INFO - Followed `user_id` 1644837089.
2020-03-27 20:05:38,180 - instabot version: 0.116.0 (bot_follow) - INFO - Going to follow `user_id` 3727675910.
2020-03-27 20:12:18,954 - instabot version: 0.116.0 (api) - DEBUG - post data: {"user_id": "3727675910", "radio_type": "wifi-none", "device_id": "android-e72f1e05fb5d5a1e", "_uuid": "a33f78fb-18e0-476b-b31d-31408deb2699", "_uid": "32088301686", "_csrftoken": "0VreLJmXPUMTctKBtqvJDYJoYhUYK25K"}
2020-03-27 20:12:21,998 - instabot version: 0.116.0 (api) - DEBUG - POST to endpoint: friendships/create/3727675910/ returned response: <Response [200]>
2020-03-27 20:12:22,000 - instabot version: 0.116.0 (bot_follow) - INFO - Followed `user_id` 3727675910.
2020-03-27 20:12:22,030 - instabot version: 0.116.0 (bot_follow) - INFO - Going to follow `user_id` 3254210204.
2020-03-27 20:15:49,436 - instabot version: 0.116.0 (api) - DEBUG - post data: {"user_id": "3254210204", "radio_type": "wifi-none", "device_id": "android-e72f1e05fb5d5a1e", "_uuid": "a33f78fb-18e0-476b-b31d-31408deb2699", "_uid": "32088301686", "_csrftoken": "0VreLJmXPUMTctKBtqvJDYJoYhUYK25K"}
2020-03-27 20:15:52,208 - instabot version: 0.116.0 (api) - DEBUG - POST to endpoint: friendships/create/3254210204/ returned response: <Response [200]>
2020-03-27 20:15:52,209 - instabot version: 0.116.0 (bot_follow) - INFO - Followed `user_id` 3254210204.
2020-03-27 20:15:52,234 - instabot version: 0.116.0 (bot_follow) - INFO - Going to follow `user_id` 1259363729.
2020-03-27 20:22:00,523 - instabot version: 0.116.0 (api) - DEBUG - post data: {"user_id": "1259363729", "radio_type": "wifi-none", "device_id": "android-e72f1e05fb5d5a1e", "_uuid": "a33f78fb-18e0-476b-b31d-31408deb2699", "_uid": "32088301686", "_csrftoken": "0VreLJmXPUMTctKBtqvJDYJoYhUYK25K"}
2020-03-27 20:22:03,005 - instabot version: 0.116.0 (api) - DEBUG - POST to endpoint: friendships/create/1259363729/ returned response: <Response [200]>
2020-03-27 20:22:03,006 - instabot version: 0.116.0 (bot_follow) - INFO - Followed `user_id` 1259363729.
2020-03-27 20:22:03,033 - instabot version: 0.116.0 (bot_follow) - INFO - Going to follow `user_id` 7165547491.
2020-03-27 20:28:52,537 - instabot version: 0.116.0 (api) - DEBUG - post data: {"user_id": "7165547491", "radio_type": "wifi-none", "device_id": "android-e72f1e05fb5d5a1e", "_uuid": "a33f78fb-18e0-476b-b31d-31408deb2699", "_uid": "32088301686", "_csrftoken": "0VreLJmXPUMTctKBtqvJDYJoYhUYK25K"}
2020-03-27 20:28:56,594 - instabot version: 0.116.0 (api) - DEBUG - POST to endpoint: friendships/create/7165547491/ returned response: <Response [200]>
2020-03-27 20:28:56,594 - instabot version: 0.116.0 (bot_follow) - INFO - Followed `user_id` 7165547491.
2020-03-27 20:28:56,624 - instabot version: 0.116.0 (bot_follow) - INFO - Going to follow `user_id` 8100254772.
2020-03-27 20:32:52,738 - instabot version: 0.116.0 (api) - DEBUG - post data: {"user_id": "8100254772", "radio_type": "wifi-none", "device_id": "android-e72f1e05fb5d5a1e", "_uuid": "a33f78fb-18e0-476b-b31d-31408deb2699", "_uid": "32088301686", "_csrftoken": "0VreLJmXPUMTctKBtqvJDYJoYhUYK25K"}
2020-03-27 20:32:56,726 - instabot version: 0.116.0 (api) - DEBUG - POST to endpoint: friendships/create/8100254772/ returned response: <Response [200]>
2020-03-27 20:32:56,727 - instabot version: 0.116.0 (bot_follow) - INFO - Followed `user_id` 8100254772.
2020-03-27 20:32:56,760 - instabot version: 0.116.0 (bot_follow) - INFO - Going to follow `user_id` 3634354834.
2020-03-27 20:37:33,540 - instabot version: 0.116.0 (api) - DEBUG - post data: {"user_id": "3634354834", "radio_type": "wifi-none", "device_id": "android-e72f1e05fb5d5a1e", "_uuid": "a33f78fb-18e0-476b-b31d-31408deb2699", "_uid": "32088301686", "_csrftoken": "0VreLJmXPUMTctKBtqvJDYJoYhUYK25K"}
2020-03-27 20:37:39,659 - instabot version: 0.116.0 (api) - DEBUG - POST to endpoint: friendships/create/3634354834/ returned response: <Response [200]>
2020-03-27 20:37:39,659 - instabot version: 0.116.0 (bot_follow) - INFO - Followed `user_id` 3634354834.
2020-03-27 20:37:39,684 - instabot version: 0.116.0 (bot_follow) - INFO - Going to follow `user_id` 371680800.
2020-03-27 20:43:47,374 - instabot version: 0.116.0 (api) - DEBUG - post data: {"user_id": "371680800", "radio_type": "wifi-none", "device_id": "android-e72f1e05fb5d5a1e", "_uuid": "a33f78fb-18e0-476b-b31d-31408deb2699", "_uid": "32088301686", "_csrftoken": "0VreLJmXPUMTctKBtqvJDYJoYhUYK25K"}
2020-03-27 20:43:50,323 - instabot version: 0.116.0 (api) - DEBUG - POST to endpoint: friendships/create/371680800/ returned response: <Response [200]>
2020-03-27 20:43:50,324 - instabot version: 0.116.0 (bot_follow) - INFO - Followed `user_id` 371680800.
2020-03-27 20:43:50,344 - instabot version: 0.116.0 (bot_follow) - INFO - Going to follow `user_id` 541775611.
2020-03-27 20:46:50,190 - instabot version: 0.116.0 (api) - DEBUG - post data: {"user_id": "541775611", "radio_type": "wifi-none", "device_id": "android-e72f1e05fb5d5a1e", "_uuid": "a33f78fb-18e0-476b-b31d-31408deb2699", "_uid": "32088301686", "_csrftoken": "0VreLJmXPUMTctKBtqvJDYJoYhUYK25K"}
2020-03-27 20:46:52,871 - instabot version: 0.116.0 (api) - DEBUG - POST to endpoint: friendships/create/541775611/ returned response: <Response [200]>
2020-03-27 20:46:52,871 - instabot version: 0.116.0 (bot_follow) - INFO - Followed `user_id` 541775611.
2020-03-27 20:46:52,898 - instabot version: 0.116.0 (bot_follow) - INFO - Going to follow `user_id` 262770173.
2020-03-27 20:51:25,363 - instabot version: 0.116.0 (api) - DEBUG - post data: {"user_id": "262770173", "radio_type": "wifi-none", "device_id": "android-e72f1e05fb5d5a1e", "_uuid": "a33f78fb-18e0-476b-b31d-31408deb2699", "_uid": "32088301686", "_csrftoken": "0VreLJmXPUMTctKBtqvJDYJoYhUYK25K"}
2020-03-27 20:51:27,347 - instabot version: 0.116.0 (api) - DEBUG - POST to endpoint: friendships/create/262770173/ returned response: <Response [200]>
2020-03-27 20:51:27,347 - instabot version: 0.116.0 (bot_follow) - INFO - Followed `user_id` 262770173.
2020-03-27 20:51:27,357 - instabot version: 0.116.0 (bot_follow) - INFO - Going to follow `user_id` 25752452121.
2020-03-27 20:57:25,974 - instabot version: 0.116.0 (api) - DEBUG - post data: {"user_id": "25752452121", "radio_type": "wifi-none", "device_id": "android-e72f1e05fb5d5a1e", "_uuid": "a33f78fb-18e0-476b-b31d-31408deb2699", "_uid": "32088301686", "_csrftoken": "0VreLJmXPUMTctKBtqvJDYJoYhUYK25K"}
2020-03-27 20:57:31,668 - instabot version: 0.116.0 (api) - DEBUG - POST to endpoint: friendships/create/25752452121/ returned response: <Response [400]>
2020-03-27 20:57:31,669 - instabot version: 0.116.0 (api) - DEBUG - Responsecode indicates error; response content: b'{"message": "feedback_required", "spam": true, "feedback_title": "Action Blocked", "feedback_message": "This action was blocked. Please try again later. We restrict certain content and actions to protect our community. Tell us if you think we made a mistake.", "feedback_url": "repute/report_problem/instagram_follow_users/", "feedback_appeal_label": "Tell us", "feedback_ignore_label": "OK", "feedback_action": "report_problem", "status": "fail"}'
2020-03-27 20:57:31,669 - instabot version: 0.116.0 (api) - ERROR - Request returns 400 error!
2020-03-27 20:57:31,670 - instabot version: 0.116.0 (api) - ERROR - ATTENTION!: `feedback_required`b'This action was blocked. Please try again later. We restrict certain content and actions to protect our community. Tell us if you think we made a mistake.'
2020-03-27 20:57:31,673 - instabot version: 0.116.0 (bot_follow) - ERROR - `Follow` action has been BLOCKED...!!!
2020-03-27 20:57:31,676 - instabot version: 0.116.0 (bot_follow) - INFO - `Follow` action is going to sleep                         for 975 seconds.
2020-03-27 21:09:04,848 - instabot version: 0.116.0 (bot_checkpoint) - DEBUG - Saving Checkpoint file to: C:\Users\User\Desktop\NICOLAS GUALTEROS\Programación\Python Instagram/config/ingeniero_gualteros.checkpoint
2020-03-27 21:09:04,851 - instabot version: 0.116.0 (bot) - INFO - Total follows: 16/68
2020-03-27 21:09:04,853 - instabot version: 0.116.0 (bot) - INFO - Total requests: 210
