2020-03-27 17:42:14,958 - instabot version: 0.116.0 (bot) - INFO - Instabot version: 0.116.0 Started
2020-03-27 17:42:14,959 - instabot version: 0.116.0 (bot) - DEBUG - Bot imported from C:\Users\User\AppData\Local\Programs\Python\Python36\lib\site-packages\instabot\bot\bot.py
2020-03-27 17:42:14,961 - instabot version: 0.116.0 (api_login) - INFO - Not yet logged in starting: PRE-LOGIN FLOW!
2020-03-27 17:42:17,745 - instabot version: 0.116.0 (api) - DEBUG - POST to endpoint: accounts/get_prefill_candidates/ returned response: <Response [200]>
2020-03-27 17:42:19,743 - instabot version: 0.116.0 (api) - DEBUG - POST to endpoint: qe/sync/ returned response: <Response [200]>
2020-03-27 17:42:22,190 - instabot version: 0.116.0 (api) - DEBUG - POST to endpoint: launcher/sync/ returned response: <Response [200]>
2020-03-27 17:42:25,134 - instabot version: 0.116.0 (api) - DEBUG - POST to endpoint: accounts/contact_point_prefill/ returned response: <Response [200]>
2020-03-27 17:42:29,331 - instabot version: 0.116.0 (api) - DEBUG - POST to endpoint: accounts/login/ returned response: <Response [200]>
2020-03-27 17:42:29,332 - instabot version: 0.116.0 (api) - INFO - Logged-in successfully as 'ingeniero_gualteros'!
2020-03-27 17:42:29,333 - instabot version: 0.116.0 (api_login) - INFO - LOGIN FLOW! Just logged-in: True
2020-03-27 17:42:30,460 - instabot version: 0.116.0 (api) - DEBUG - POST to endpoint: qe/sync/ returned response: <Response [200]>
2020-03-27 17:42:32,182 - instabot version: 0.116.0 (api) - DEBUG - POST to endpoint: launcher/sync/ returned response: <Response [200]>
2020-03-27 17:42:33,876 - instabot version: 0.116.0 (api) - DEBUG - GET to endpoint: zr/token/result/?device_id=android-e72f1e05fb5d5a1e&token_hash=&custom_device_id=android-e72f1e05fb5d5a1e&fetch_reason=token_expired returned response: <Response [200]>
2020-03-27 17:42:35,474 - instabot version: 0.116.0 (api) - DEBUG - GET to endpoint: multiple_accounts/get_account_family/ returned response: <Response [200]>
2020-03-27 17:42:37,730 - instabot version: 0.116.0 (api) - DEBUG - POST to endpoint: qe/sync/ returned response: <Response [200]>
2020-03-27 17:42:39,474 - instabot version: 0.116.0 (api) - DEBUG - GET to endpoint: igtv/browse_feed/?prefetch=1 returned response: <Response [200]>
2020-03-27 17:42:42,160 - instabot version: 0.116.0 (api) - DEBUG - POST to endpoint: creatives/ar_class/ returned response: <Response [200]>
2020-03-27 17:42:44,994 - instabot version: 0.116.0 (api) - DEBUG - POST to endpoint: feed/reels_tray/ returned response: <Response [200]>
2020-03-27 17:42:51,005 - instabot version: 0.116.0 (api) - DEBUG - POST to endpoint: feed/timeline/ returned response: <Response [200]>
2020-03-27 17:42:52,688 - instabot version: 0.116.0 (api) - DEBUG - GET to endpoint: media/blocked/ returned response: <Response [200]>
2020-03-27 17:42:55,293 - instabot version: 0.116.0 (api) - DEBUG - GET to endpoint: news/inbox/ returned response: <Response [200]>
2020-03-27 17:42:56,874 - instabot version: 0.116.0 (api) - DEBUG - GET to endpoint: loom/fetch_config/ returned response: <Response [200]>
2020-03-27 17:42:58,734 - instabot version: 0.116.0 (api) - DEBUG - GET to endpoint: scores/bootstrap/users/?surfaces=["autocomplete_user_list","coefficient_besties_list_ranking","coefficient_rank_recipient_user_suggestion","coefficient_ios_section_test_bootstrap_ranking","coefficient_direct_recipients_ranking_variant_2"] returned response: <Response [200]>
2020-03-27 17:43:01,137 - instabot version: 0.116.0 (api) - DEBUG - GET to endpoint: business/eligibility/get_monetization_products_eligibility_data/?product_types=branded_content returned response: <Response [200]>
2020-03-27 17:43:03,946 - instabot version: 0.116.0 (api) - DEBUG - GET to endpoint: business/branded_content/should_require_professional_account/ returned response: <Response [200]>
2020-03-27 17:43:05,842 - instabot version: 0.116.0 (api) - DEBUG - GET to endpoint: linked_accounts/get_linkage_status/ returned response: <Response [200]>
2020-03-27 17:43:07,928 - instabot version: 0.116.0 (api) - DEBUG - GET to endpoint: locations/request_country/ returned response: <Response [200]>
2020-03-27 17:43:09,378 - instabot version: 0.116.0 (api) - DEBUG - GET to endpoint: qp/get_cooldowns/?signed_body=signed_body=4b9c516a5410a3bc128e09c6104a7f042146b9c2023870560c63a43a7f66781c.4&ig_sig_key_version=4&ig_sig_key_version=4 returned response: <Response [200]>
2020-03-27 17:43:11,739 - instabot version: 0.116.0 (api) - DEBUG - GET to endpoint: users/arlink_download_info/?version_override=2.2.1 returned response: <Response [200]>
2020-03-27 17:43:13,780 - instabot version: 0.116.0 (api) - DEBUG - GET to endpoint: users/32088301686/info/ returned response: <Response [200]>
2020-03-27 17:43:14,899 - instabot version: 0.116.0 (api) - DEBUG - GET to endpoint: direct_v2/get_presence/ returned response: <Response [200]>
2020-03-27 17:43:16,325 - instabot version: 0.116.0 (api) - DEBUG - GET to endpoint: direct_v2/inbox/?visual_message_return_type=unseen&thread_message_limit=10&persistentBadging=true&limit=20 returned response: <Response [200]>
2020-03-27 17:43:16,845 - instabot version: 0.116.0 (api) - DEBUG - GET to endpoint: direct_v2/inbox/?visual_message_return_type=unseen&persistentBadging=true&limit=0 returned response: <Response [200]>
2020-03-27 17:43:19,299 - instabot version: 0.116.0 (api) - DEBUG - GET to endpoint: discover/topical_explore/?is_prefetch=true&omit_cover_media=true&use_sectional_payload=true&timezone_offset=0&session_id=4906bd18-a4f4-4e89-9540-442a7ecd87ee&include_fixed_destinations=true returned response: <Response [200]>
2020-03-27 17:43:21,849 - instabot version: 0.116.0 (api) - DEBUG - POST to endpoint: notifications/badge/ returned response: <Response [200]>
2020-03-27 17:43:22,775 - instabot version: 0.116.0 (api) - DEBUG - POST to endpoint: qp/batch_fetch/ returned response: <Response [200]>
2020-03-27 17:43:22,777 - instabot version: 0.116.0 (bot_checkpoint) - DEBUG - Loading Checkpoint file from: C:\Users\User\Desktop\NICOLAS GUALTEROS\Programación\Python Instagram/config/ingeniero_gualteros.checkpoint
2020-03-27 17:43:22,777 - instabot version: 0.116.0 (bot_follow) - INFO - Follow followers of: luisvonahn
2020-03-27 17:43:24,175 - instabot version: 0.116.0 (api) - DEBUG - GET to endpoint: users/luisvonahn/usernameinfo/ returned response: <Response [200]>
2020-03-27 17:43:25,852 - instabot version: 0.116.0 (api) - DEBUG - GET to endpoint: users/6827841508/info/ returned response: <Response [200]>
2020-03-27 17:43:27,056 - instabot version: 0.116.0 (api) - DEBUG - GET to endpoint: friendships/6827841508/followers/?rank_token=32088301686_a33f78fb-18e0-476b-b31d-31408deb2699 returned response: <Response [200]>
2020-03-27 17:43:27,613 - instabot version: 0.116.0 (api) - DEBUG - GET to endpoint: friendships/6827841508/followers/?rank_token=32088301686_a33f78fb-18e0-476b-b31d-31408deb2699&max_id=QVFCTldnaVdpTTJDZm5uZGFPdXRaRFBKVGNpZzhUSGFhNnNOYWxuTFBsUG50c2hxRGVvdWFWOEh3UUpFNUU1QjBCZ01SNkJVYnM1OGNEY3VEWFh1a3Bhdw== returned response: <Response [200]>
2020-03-27 17:43:28,930 - instabot version: 0.116.0 (api) - DEBUG - GET to endpoint: friendships/6827841508/followers/?rank_token=32088301686_a33f78fb-18e0-476b-b31d-31408deb2699&max_id=QVFDQ3NnaHEwd0hLQW9PdTktYllZVzkxOUoxYW9pRno1NlJWSkoybmFKTEh0NmRjdWVjcDZSNkxhODZ4ZXYwWnRSOGV0N3hKdm1hNEcxWWY1ZHZieW81bA== returned response: <Response [200]>
2020-03-27 17:43:31,230 - instabot version: 0.116.0 (api) - DEBUG - GET to endpoint: friendships/6827841508/followers/?rank_token=32088301686_a33f78fb-18e0-476b-b31d-31408deb2699&max_id=QVFCai1IZERiRTNiQURUa0dXN3Ewa3VXZjBHY1lYQ1N0a3RjZkFlNkhQeXBTMGxsZndaNHlNWl8wX1pYdkRTUmhlc0tYVjBPRVB3N3VrM0xrLTBnc2FKcg== returned response: <Response [200]>
2020-03-27 17:43:32,722 - instabot version: 0.116.0 (api) - DEBUG - GET to endpoint: friendships/6827841508/followers/?rank_token=32088301686_a33f78fb-18e0-476b-b31d-31408deb2699&max_id=QVFEZVlQdUtfZVRwUmlYUjNwRXA5d0xZZVI4UW9TbFUtZ3Q2VnpuZjJXV3NuMVhzeFhfX01Ib1Vra0pQSmRnamRIM0E4V1dDc0hGXzJjM2s5ZzBXSmZacg== returned response: <Response [200]>
2020-03-27 17:43:34,616 - instabot version: 0.116.0 (api) - DEBUG - GET to endpoint: friendships/6827841508/followers/?rank_token=32088301686_a33f78fb-18e0-476b-b31d-31408deb2699&max_id=QVFEaGtwUWZ6MnBybEFHVjYwUjdVZlQ3THViRklXMEhzRWo3dUxTWHpIM3lSVTlJNl9pRmNDMDl4VjhLWlpZNWg2bGNmbkxDa3JWWjNQQ05ET2F1TUFQTw== returned response: <Response [200]>
2020-03-27 17:43:35,801 - instabot version: 0.116.0 (api) - DEBUG - GET to endpoint: friendships/6827841508/followers/?rank_token=32088301686_a33f78fb-18e0-476b-b31d-31408deb2699&max_id=QVFCSnZKM2xOOHRqdTJYS0tBRlo4TmdZN0xuMVBqMmhNNjl1bjJsUmhPOGdKUC1COElRa1ZUb1dBQzgwd2c0UklFODlTMUxLSUtIcHYtZHhtT1hVNDBYWQ== returned response: <Response [200]>
2020-03-27 17:43:37,124 - instabot version: 0.116.0 (api) - DEBUG - GET to endpoint: friendships/6827841508/followers/?rank_token=32088301686_a33f78fb-18e0-476b-b31d-31408deb2699&max_id=QVFDRmN2Q25YZ2J6SzJYVVNvek1YZ2ZVb0VOaWd1OFJodC0tb0dxYldyWW1CMEZ3Ny16T0N3Wk9DeVdLZEJvTllaNHlkajRtNDhibDYxQ1lzOVVzQVd0dA== returned response: <Response [200]>
2020-03-27 17:43:44,128 - instabot version: 0.116.0 (api) - DEBUG - GET to endpoint: friendships/6827841508/followers/?rank_token=32088301686_a33f78fb-18e0-476b-b31d-31408deb2699&max_id=QVFDVXdCTVBQUFhxcjlybTRadjlrODdwUFpYZFBoQ1poM3NPN2s2TXJwUWg5dGVWeHl3SkY0ZEtrVGFzQzZpeDdYQUZjV0ZZd1REN2hGdkZkQ2NqSTdGWg== returned response: <Response [200]>
2020-03-27 17:43:46,162 - instabot version: 0.116.0 (api) - DEBUG - GET to endpoint: friendships/6827841508/followers/?rank_token=32088301686_a33f78fb-18e0-476b-b31d-31408deb2699&max_id=QVFCYnZ2Wl9zQVkwX21PWjNodTBzRWJkSHRXbVI3V3pQNUtNYkNCWnBKYUt3YUJtWDNvX2RBZ1BSWm0zQlNWbktUT2VhN2tuSFlEZW4xX2tNTmFwQmp3cw== returned response: <Response [200]>
2020-03-27 17:43:48,288 - instabot version: 0.116.0 (api) - DEBUG - GET to endpoint: friendships/6827841508/followers/?rank_token=32088301686_a33f78fb-18e0-476b-b31d-31408deb2699&max_id=QVFETkhBb3lLZ2JMSDZNZUhlZVF2TjhxWmFHc3dybll1RFJXeFYwNHRpVUltYTJnNFJxLTd0MzZTdkl3WmZIaDhISS1jaFVNeFliZzBTTEM4TmpaTjV4ZA== returned response: <Response [200]>
2020-03-27 17:43:49,900 - instabot version: 0.116.0 (api) - DEBUG - GET to endpoint: friendships/6827841508/followers/?rank_token=32088301686_a33f78fb-18e0-476b-b31d-31408deb2699&max_id=QVFBMmFVVE1Wbl8zd1E2M2JHbEtQVDVERVhIOVEwLXVuNDdqQW5DQTAtVHE1TUYwYU5HcGFFSE1JNjJfcm9ucGExajNqVTRoY1hJRjdqbnVNVmZJX2V2ZQ== returned response: <Response [200]>
2020-03-27 17:43:51,377 - instabot version: 0.116.0 (api) - DEBUG - GET to endpoint: friendships/6827841508/followers/?rank_token=32088301686_a33f78fb-18e0-476b-b31d-31408deb2699&max_id=QVFCV1ZEOFVNck5mTzl1d3o3eWdxRDhaTEdpbWZKMk1ROHljM2RxZ1hNWWxLRVJLUzVrVWNGR0RSbUU1aHJMZGprVENjSDZBYkVKS1RhbHlQMG1lNzNfcA== returned response: <Response [200]>
2020-03-27 17:43:52,084 - instabot version: 0.116.0 (api) - DEBUG - GET to endpoint: friendships/6827841508/followers/?rank_token=32088301686_a33f78fb-18e0-476b-b31d-31408deb2699&max_id=QVFDVnpMQjRWLUhZWGplclVMU3J3WlkteGp6QmpHVFpzUHR1M3otNW9JdVdMMzgyY0dvZW8xZTBfdzF5NElCcEpCX3Fmd25yeHlLN19xVzY4MWY2TzJidg== returned response: <Response [200]>
2020-03-27 17:43:52,451 - instabot version: 0.116.0 (api) - DEBUG - GET to endpoint: friendships/6827841508/followers/?rank_token=32088301686_a33f78fb-18e0-476b-b31d-31408deb2699&max_id=QVFDZjlYclZyNE94TU9oMDNwWjZfa2h4ZU1Pb3NpaVJFWUluUzFkaGR6TC1MMXBwVnVBZlJMc3JaUzhxQXJsZW1hMnNlTHBhYnFBY0lUa0xwbVBqVElsbA== returned response: <Response [200]>
2020-03-27 17:43:52,923 - instabot version: 0.116.0 (api) - DEBUG - GET to endpoint: friendships/6827841508/followers/?rank_token=32088301686_a33f78fb-18e0-476b-b31d-31408deb2699&max_id=QVFBNFFmdWxWaHl3LW9oS29wZW1kOE1tSWNqVHdRM05TLWxEMV9CSEt4OWlKQ2V3QXVnNk9CR0hBcU5WOHQycnFoejRWdmZWck42eEo2cThSUEhrazhjZg== returned response: <Response [200]>
2020-03-27 17:43:53,324 - instabot version: 0.116.0 (api) - DEBUG - GET to endpoint: friendships/6827841508/followers/?rank_token=32088301686_a33f78fb-18e0-476b-b31d-31408deb2699&max_id=QVFEYWYwYUk1QzZTMVJ2ZWVDUzBoMDZYNElXZHVSMDNHZXFMWE5VWEdsdmVkX1NmdzNpQ3o2RWVyRHcyUVdzeTlGdnVFWTIyMWpLRkxfSml2VGFvakhZSw== returned response: <Response [200]>
2020-03-27 17:43:53,745 - instabot version: 0.116.0 (api) - DEBUG - GET to endpoint: friendships/6827841508/followers/?rank_token=32088301686_a33f78fb-18e0-476b-b31d-31408deb2699&max_id=QVFCY1dBQlNnZUV5SXI4VlV5eVFpTWYxdUh0TThISE1ITV9UelIzLUs3bmpTaW96dVdxcE9hN21WWGdlckxxUzI5bUREempBNjE2QzNiSzFWZFFMbk81bg== returned response: <Response [200]>
2020-03-27 17:43:54,192 - instabot version: 0.116.0 (api) - DEBUG - GET to endpoint: friendships/6827841508/followers/?rank_token=32088301686_a33f78fb-18e0-476b-b31d-31408deb2699&max_id=QVFEUk1MVWpTQmRvblFfQ2c2TVZKdWV0cHplZFRpRTZJSTQzTndsVEJEM3Q0eTdZcFlnaTF3Xy1FSmVoTVJaTmQtNHJmQlJJeEthRlR3S2JiSFh2clVqLQ== returned response: <Response [200]>
2020-03-27 17:43:55,361 - instabot version: 0.116.0 (api) - DEBUG - GET to endpoint: friendships/6827841508/followers/?rank_token=32088301686_a33f78fb-18e0-476b-b31d-31408deb2699&max_id=QVFCR0NrcG1sU181aUdpWkszbGFzZG9rTEVueXBrZlJZbTZsY056ME9xeDlvX1JDLUV5MmdZaDJTRy01NlhnOVpYX1BFc0F2dXpCU0dobldtUTkyR3NxQg== returned response: <Response [200]>
2020-03-27 17:43:55,844 - instabot version: 0.116.0 (api) - DEBUG - GET to endpoint: friendships/6827841508/followers/?rank_token=32088301686_a33f78fb-18e0-476b-b31d-31408deb2699&max_id=QVFBVUdsQnFmMENvSTFfaEs1NGNwRXdmY20wcnhSWllwM0ZYWmxQV1FUMUNzNGl3azFUYllUOUJqbHBBNkplcGowRTVrTkluMlpQZzhWeWx0WFRRM1AycQ== returned response: <Response [200]>
2020-03-27 17:43:58,328 - instabot version: 0.116.0 (api) - DEBUG - GET to endpoint: friendships/6827841508/followers/?rank_token=32088301686_a33f78fb-18e0-476b-b31d-31408deb2699&max_id=QVFCcHJ4dXBzVkVEaTJoUDRPV25zY2xpOWE3NnY5WEJWNUJuQ3lrSW04MlBBUXk0UmNZeFhJVGdSdWQ5ZUh6LTlHbWtqdHo3bl82Q19vbmlXeTd6MjZpQw== returned response: <Response [200]>
2020-03-27 17:44:00,868 - instabot version: 0.116.0 (api) - DEBUG - GET to endpoint: friendships/6827841508/followers/?rank_token=32088301686_a33f78fb-18e0-476b-b31d-31408deb2699&max_id=QVFDTjg1d0o4UXFJRVV2RkhPeGl5NGcxOHl4UHNKaFoxSlVfOEp2bmJuY0pEMXR5amtXNUY5dkRxenc2S0hRZVpxaGlOOGZJcFBzYms4LTJNMUNaYlNuWQ== returned response: <Response [200]>
2020-03-27 17:44:02,112 - instabot version: 0.116.0 (api) - DEBUG - GET to endpoint: friendships/6827841508/followers/?rank_token=32088301686_a33f78fb-18e0-476b-b31d-31408deb2699&max_id=QVFCVDNORTJ2WUd1M0VzN3A5aFZhNVpKcm55eTc2dHJac0J5NkpZRFBqQ0FRZEM0TGRNekUzLVhQZl9iY2VmZTJhUkpBQzBUbWdTVUZ2NFNlNTYwdG1PQw== returned response: <Response [200]>
2020-03-27 17:44:04,572 - instabot version: 0.116.0 (api) - DEBUG - GET to endpoint: friendships/6827841508/followers/?rank_token=32088301686_a33f78fb-18e0-476b-b31d-31408deb2699&max_id=QVFDcy15eEpLOUlfVUx1d21sRXV2Sm1BWHYwZmZ1YWFBRFpvdUdEcklJSERzVGhOc0szelk3NkN0ZVdSbGhNTTZiaEJZQmFxYjQ0U2kxMDVtRU53WDcwbw== returned response: <Response [200]>
2020-03-27 17:44:07,640 - instabot version: 0.116.0 (api) - DEBUG - GET to endpoint: friendships/6827841508/followers/?rank_token=32088301686_a33f78fb-18e0-476b-b31d-31408deb2699&max_id=QVFBRXU4eURFRjBCVkNWd1h2QXdlVVhHVXBUQ2tZY3hBVUNQUmRKVV9pVDFuUFcwOEZFcTlJdTMzVDZoM3l5Zm1BaUg0RVg5eFQ1aHdsUHVQWXI2SlRUcg== returned response: <Response [200]>
2020-03-27 17:44:09,485 - instabot version: 0.116.0 (api) - DEBUG - GET to endpoint: friendships/6827841508/followers/?rank_token=32088301686_a33f78fb-18e0-476b-b31d-31408deb2699&max_id=QVFDNno2cFZOMU1vR1pWbEVWU29MMFhaZ0FmWGxXcklvdXRFcHVlOHdNS3o4ZExoQmlvYTBBUW9HV3N5SkxVUENIZm1qdGdBdVhSQUtYTkdnV1B5Ui1YYg== returned response: <Response [200]>
2020-03-27 17:44:11,024 - instabot version: 0.116.0 (api) - DEBUG - GET to endpoint: friendships/6827841508/followers/?rank_token=32088301686_a33f78fb-18e0-476b-b31d-31408deb2699&max_id=QVFETEdVTTVsMzhmT09ZeEFSd0ZheUJpQW4xWXhWZVBqQXhjZmZua2czZ0JjdlpRQktBa29nYVVkTU85eUhmcmNRbFRKVkpSVXJXbEpTUlN6dmJqWFgtbQ== returned response: <Response [200]>
2020-03-27 17:44:13,169 - instabot version: 0.116.0 (api) - DEBUG - GET to endpoint: friendships/6827841508/followers/?rank_token=32088301686_a33f78fb-18e0-476b-b31d-31408deb2699&max_id=QVFDNHlzZXhpUk96UDVrRTBGNEtkX3RoYUpfaThWcXB3cWxKUlU0bjdiQ1Rwcmx1ZHBjMDRaSmZJTHBtZGhmci1qdnBNSzFtdEdJbU1JOVRtNEUzd0JoVg== returned response: <Response [200]>
2020-03-27 17:44:14,300 - instabot version: 0.116.0 (api) - DEBUG - GET to endpoint: friendships/6827841508/followers/?rank_token=32088301686_a33f78fb-18e0-476b-b31d-31408deb2699&max_id=QVFEdG5jVkg0N2k0YnU3TDZoTXVyTE9VTHpxTHgtX2ZaTFN6dW1uLVVJbXhKdXpkN18wZmhKNURNd3oxaVBOeXhfeUcyQmJLcHZ4NjN0dWNwcGF4NFRDdA== returned response: <Response [200]>
2020-03-27 17:44:15,946 - instabot version: 0.116.0 (api) - DEBUG - GET to endpoint: friendships/6827841508/followers/?rank_token=32088301686_a33f78fb-18e0-476b-b31d-31408deb2699&max_id=QVFBMUFnZVZMS3BEOG1wcFBsa0pkbWRZa0pzSjhGbktXbjlsYV92SXBKRUoxR2FCLU9WSHdDLUVrUFJZWmVtbmlZVzhvNUdoTDlHamlpbnVBNXRwX2xEbg== returned response: <Response [200]>
2020-03-27 17:44:17,936 - instabot version: 0.116.0 (api) - DEBUG - GET to endpoint: friendships/6827841508/followers/?rank_token=32088301686_a33f78fb-18e0-476b-b31d-31408deb2699&max_id=QVFBRWlUUWZKV3h1MnE0Wjk4eldEeWt4SExzN0I3Wm5lZ2dwTUlTSlV1VUtZSUFNcjFBcXFBZHBfeTV4dFUyb0Zzb1hzS1dxbGUzcWZkMEZjR25RM3pUbA== returned response: <Response [200]>
2020-03-27 17:44:19,321 - instabot version: 0.116.0 (api) - DEBUG - GET to endpoint: friendships/6827841508/followers/?rank_token=32088301686_a33f78fb-18e0-476b-b31d-31408deb2699&max_id=QVFBZFNyNUw3Z0dBVDUzVWozRlNnYWJHTTZ0Ny1PU2JscGFkR0x3SlFrWFI3OWNQaExmVFdmNVJKa01ocXZTLUlfZmhSR2JDYkEwbDBaaWJnODBJenJVNg== returned response: <Response [200]>
2020-03-27 17:44:20,266 - instabot version: 0.116.0 (api) - DEBUG - GET to endpoint: friendships/6827841508/followers/?rank_token=32088301686_a33f78fb-18e0-476b-b31d-31408deb2699&max_id=QVFDLXBjQ2VYMUQ3blRwdzNPNUVxX2VETzdub25NTVRfdENYU1JXVWI5TFBwN2Z6M1N6MGQ2ZWN5Y3dDMUQxTDNuZlloRnVhNzRsQjVxOHh6WGtnbGFleQ== returned response: <Response [200]>
2020-03-27 17:44:21,890 - instabot version: 0.116.0 (api) - DEBUG - GET to endpoint: friendships/6827841508/followers/?rank_token=32088301686_a33f78fb-18e0-476b-b31d-31408deb2699&max_id=QVFBNXlGYXZmRmZtYkNPN0lYQjhlbEF0ejhPa2FZY3ZSc2t4MEFzNGNKOHBEM0t3VTg2Sl9zbU5Vc2NTTnZvbG1ZZ0hUX2l2c05vN0ducVl6Z0dYRVJaeg== returned response: <Response [200]>
2020-03-27 17:44:22,339 - instabot version: 0.116.0 (api) - DEBUG - GET to endpoint: friendships/6827841508/followers/?rank_token=32088301686_a33f78fb-18e0-476b-b31d-31408deb2699&max_id=QVFEOFh2cjIybzNFbUNaQWMtYVpZRmtHRUs3bG9aTF9vLXozZmJzQ0s1Q3J6aXJIbHVJMTBrVnI3UmRrNndrQlgwU3c3eUozX192eDcwdTI4UDRicmFocg== returned response: <Response [200]>
2020-03-27 17:44:22,741 - instabot version: 0.116.0 (api) - DEBUG - GET to endpoint: friendships/6827841508/followers/?rank_token=32088301686_a33f78fb-18e0-476b-b31d-31408deb2699&max_id=QVFBTFVxd3dIT1BIdVZaeFhSS1JsTjBLUDRrUEJlenpRRzdVdDlyZzVaTmNISzlCSHA4ODVxa2xMSkIyREs2U3VXWGlxRDdLdUFTZTFtTXdoYkVpQmlWeg== returned response: <Response [200]>
2020-03-27 17:44:23,668 - instabot version: 0.116.0 (api) - DEBUG - GET to endpoint: friendships/6827841508/followers/?rank_token=32088301686_a33f78fb-18e0-476b-b31d-31408deb2699&max_id=QVFEcW10R2RHZ1dpVlVHWEk0aERjOHFCNjBFS3A3OGtTam9oU0g2aFBLajNEMDctSkpoUHhsVDVBVVJmOGoweTRrYVUwUWRDczY3dVU1eGRGS0xxNXpQUQ== returned response: <Response [200]>
2020-03-27 17:44:24,226 - instabot version: 0.116.0 (api) - DEBUG - GET to endpoint: friendships/6827841508/followers/?rank_token=32088301686_a33f78fb-18e0-476b-b31d-31408deb2699&max_id=QVFBWWhOT2JQUE1zSVpCc05ocFZqMnBOUE94ZkJuNEhmLWlkMEhlN0w3R3g0VVRZV1l0T19xakx3M1lYdUpnM2dIc05yNEQ5bVdKTlpxdmVvS2Z4cUpGUw== returned response: <Response [200]>
2020-03-27 17:44:25,665 - instabot version: 0.116.0 (api) - DEBUG - GET to endpoint: friendships/6827841508/followers/?rank_token=32088301686_a33f78fb-18e0-476b-b31d-31408deb2699&max_id=QVFEVVQ2RGxLRllMdVZmdjBNNDJlNnlKNWpwZ1RjMUJfZHpjdlhfYTgtOXV0OGFjM245MU9SbmtxLTdqR1dFVGEyaGc2WENHYVltaU4wWm9leVVJQkVKTg== returned response: <Response [200]>
2020-03-27 17:44:26,299 - instabot version: 0.116.0 (api) - DEBUG - GET to endpoint: friendships/6827841508/followers/?rank_token=32088301686_a33f78fb-18e0-476b-b31d-31408deb2699&max_id=QVFBcXNTN29iR21McFlpal80YXo4cUliSDd4eFBWYmZOMUZ0RGNkZTVwd1FYYlFCNHFxNk5EbGJ5MVg2Z2l2dTJiYkJwQU94ZzJCakRZcHJMVW5yNXZPTA== returned response: <Response [200]>
2020-03-27 17:44:26,678 - instabot version: 0.116.0 (api) - DEBUG - GET to endpoint: friendships/6827841508/followers/?rank_token=32088301686_a33f78fb-18e0-476b-b31d-31408deb2699&max_id=QVFET21XUUQzNUhCT0JBU1BOR3k1QWFScnFFN2RsMTlVNjlSQTBDVFFkYTNGZnh3dkJKM04wVFpOcXAxQkJjZGpCWFlkb0x5THh6bm1FWjNnandlQlktQg== returned response: <Response [200]>
2020-03-27 17:44:27,072 - instabot version: 0.116.0 (api) - DEBUG - GET to endpoint: friendships/6827841508/followers/?rank_token=32088301686_a33f78fb-18e0-476b-b31d-31408deb2699&max_id=QVFEMFI3TDJtNzMxOUtOYWRmYXp3TElkQkVQSmRra2lCME5JaVdiUXkxU2g4cEZKTnk3TGVFNFBJaWw0ZUJKMl9MU1RQdWJiZWFrVFVvZWFsT0pxY3VuaA== returned response: <Response [200]>
2020-03-27 17:44:27,411 - instabot version: 0.116.0 (api) - DEBUG - GET to endpoint: friendships/6827841508/followers/?rank_token=32088301686_a33f78fb-18e0-476b-b31d-31408deb2699&max_id=QVFBQ3dZUUtiSzVZYTlrNllTMVRPU3BiekhsRS10aEltYU1xT1M5OHcxYWNYZGpZbjQtZ0NKaEw3X1JtTWM4RlFWc2NWWlJvSzJBT3IxSFYzM3hSTjUtcQ== returned response: <Response [200]>
2020-03-27 17:44:27,845 - instabot version: 0.116.0 (api) - DEBUG - GET to endpoint: friendships/6827841508/followers/?rank_token=32088301686_a33f78fb-18e0-476b-b31d-31408deb2699&max_id=QVFDOFRDR1ZuOGVqOElRYW5vblp0cVVXblkyei05YTdjc3pkZkgxN2R2MDVqMHgzOVZSZENDdDA3V2V5aVJQRjBCa3hkUDVwM1FZMlYwMUItRVl1RHlHOQ== returned response: <Response [200]>
2020-03-27 17:44:28,165 - instabot version: 0.116.0 (api) - DEBUG - GET to endpoint: friendships/6827841508/followers/?rank_token=32088301686_a33f78fb-18e0-476b-b31d-31408deb2699&max_id=QVFCSnJQakxNQUtNRTM5X2tTUFNQLTZmRXlzVUp0NXhVOWFGR1VwOGNZZUx2WXBIeVAtYUZ5VHRTbUloNUN2VmFmbGJMSVAtNHpwTmZCRHRYcDF2cG00RA== returned response: <Response [200]>
2020-03-27 17:44:28,473 - instabot version: 0.116.0 (api) - DEBUG - GET to endpoint: friendships/6827841508/followers/?rank_token=32088301686_a33f78fb-18e0-476b-b31d-31408deb2699&max_id=QVFBc2RPSVZKTnEzaGxmUHp3TjYxWnU2dFhRSUFnNnlfcXMyMEZacWdrZDlrNExGUE1HckM0ZW44b0M3X1paVHNONFFyZGw3eFFxZm9XM0xvTW5hTUM1RQ== returned response: <Response [200]>
2020-03-27 17:44:28,836 - instabot version: 0.116.0 (api) - DEBUG - GET to endpoint: friendships/6827841508/followers/?rank_token=32088301686_a33f78fb-18e0-476b-b31d-31408deb2699&max_id=QVFEX2lOa21MOVFVZEptYkVmcGVidm81bGpQZXlpVVo3TGJLWDBwVS1lV1RvNXNLYy0tZDYyQXpOamk5YXNBaDhNb0VXbU0yQy1OeklWckxrejl3Yi1raA== returned response: <Response [200]>
2020-03-27 17:44:29,261 - instabot version: 0.116.0 (api) - DEBUG - GET to endpoint: friendships/6827841508/followers/?rank_token=32088301686_a33f78fb-18e0-476b-b31d-31408deb2699&max_id=QVFEZi1PTDVqYkxNQ3g1clRnQ09ieGpqaGhELU50RW5XbmJKU2ZiekRYWnM1Y2pTNldTcEdPdEV4Smg1UGhmQXFPMi03aTY0NFVPVWZ3RE1HNGtHWlFVdg== returned response: <Response [200]>
2020-03-27 17:44:29,801 - instabot version: 0.116.0 (api) - DEBUG - GET to endpoint: friendships/6827841508/followers/?rank_token=32088301686_a33f78fb-18e0-476b-b31d-31408deb2699&max_id=QVFCS2l3X0VTcEVQVDJRQlQtV21kSURTdFlOZ2FRazB3V3JSbWtKRzNISExzWUVOcklmQ3kwSWdIalBUcUdQTVNhR3lGRVFobXJZQXllT3FoU0s0YW1abw== returned response: <Response [200]>
2020-03-27 17:44:30,315 - instabot version: 0.116.0 (api) - DEBUG - GET to endpoint: friendships/6827841508/followers/?rank_token=32088301686_a33f78fb-18e0-476b-b31d-31408deb2699&max_id=QVFCZTVXSHJucWxhaFp6RkwzRnVfV2I0bHVhakVHMHdqRm5PQUVLbkNfREhZNTVQMGZ2WlhpTXNtSmJmRURpZTJFMDVUb1VJUnZvazdYM2tJM1M2RFZubA== returned response: <Response [200]>
2020-03-27 17:44:30,683 - instabot version: 0.116.0 (api) - DEBUG - GET to endpoint: friendships/6827841508/followers/?rank_token=32088301686_a33f78fb-18e0-476b-b31d-31408deb2699&max_id=QVFDdWJzYlAtS0o1MG5JU3ZtYmJkRWNPaGh4aDl3c19HdXMxandQbUhqclg3eDBSd2FIMDRTaHF1ZU15OVdYcnl0WkxoZnpXeFdpWjA4ZVRkR3BCbEtJVA== returned response: <Response [200]>
2020-03-27 17:44:31,049 - instabot version: 0.116.0 (api) - DEBUG - GET to endpoint: friendships/6827841508/followers/?rank_token=32088301686_a33f78fb-18e0-476b-b31d-31408deb2699&max_id=QVFBMi1SNGdTeEd3ZjFHVGwzNlp3Y2loTkM0R1UzZThGd1YxajlmbGczZHZmdUZZNDBOSzJ6c0c4T3JraXZWQUhIajl4Z2dsZUxsQk90VnVqY1FhNlBnUg== returned response: <Response [200]>
2020-03-27 17:44:31,059 - instabot version: 0.116.0 (bot_follow) - INFO - Going to follow 5131 users.
2020-03-27 17:44:31,066 - instabot version: 0.116.0 (bot_follow) - INFO - Going to follow `user_id` 196574549.
2020-03-27 17:44:31,068 - instabot version: 0.116.0 (api) - DEBUG - post data: {"user_id": "196574549", "radio_type": "wifi-none", "device_id": "android-e72f1e05fb5d5a1e", "_uuid": "a33f78fb-18e0-476b-b31d-31408deb2699", "_uid": "32088301686", "_csrftoken": "0VreLJmXPUMTctKBtqvJDYJoYhUYK25K"}
2020-03-27 17:44:32,039 - instabot version: 0.116.0 (api) - DEBUG - POST to endpoint: friendships/create/196574549/ returned response: <Response [200]>
2020-03-27 17:44:32,040 - instabot version: 0.116.0 (bot_follow) - INFO - Followed `user_id` 196574549.
2020-03-27 17:44:34,406 - instabot version: 0.116.0 (api) - DEBUG - GET to endpoint: users/32088301686/info/ returned response: <Response [200]>
2020-03-27 17:44:36,454 - instabot version: 0.116.0 (api) - DEBUG - GET to endpoint: friendships/32088301686/following/?max_id=&ig_sig_key_version=4&rank_token=32088301686_a33f78fb-18e0-476b-b31d-31408deb2699 returned response: <Response [200]>
2020-03-27 17:44:36,458 - instabot version: 0.116.0 (bot_follow) - INFO - Going to follow `user_id` 328686020.
2020-03-27 17:50:52,055 - instabot version: 0.116.0 (bot_checkpoint) - DEBUG - Saving Checkpoint file to: C:\Users\User\Desktop\NICOLAS GUALTEROS\Programación\Python Instagram/config/ingeniero_gualteros.checkpoint
2020-03-27 17:50:52,058 - instabot version: 0.116.0 (bot) - INFO - Total follows: 1/87
2020-03-27 17:50:52,066 - instabot version: 0.116.0 (bot) - INFO - Total requests: 89
